<?xml version="1.0" encoding="UTF-8"?>
<!-- Generated by org.testng.reporters.JUnitReportReporter -->
<testsuite hostname="Lenovo" failures="0" tests="1" name="com.automationpractice.testcases.Verify_Country_Dropdown" time="38.934" errors="0" timestamp="2021-10-16T21:02:02 IST" skipped="0">
  <testcase classname="com.automationpractice.testcases.Verify_Country_Dropdown" name="Create_New_Account" time="38.934"/>
  <system-out/>
</testsuite> <!-- com.automationpractice.testcases.Verify_Country_Dropdown -->
