<?xml version="1.0" encoding="UTF-8"?>
<!-- Generated by org.testng.reporters.JUnitReportReporter -->
<testsuite hostname="Lenovo" failures="0" tests="1" name="com.automationpractice.testcases.TC_005_Searach_keyword" time="16.244" errors="0" timestamp="2021-11-26T09:08:05 IST" skipped="0">
  <testcase classname="com.automationpractice.testcases.TC_005_Searach_keyword" name="validate_TC_005_Searach_keyword" time="16.244"/>
  <system-out/>
</testsuite> <!-- com.automationpractice.testcases.TC_005_Searach_keyword -->
