<?xml version="1.0" encoding="UTF-8"?>
<!-- Generated by org.testng.reporters.JUnitReportReporter -->
<testsuite hostname="Lenovo" failures="0" tests="1" name="com.automationpractice.testcases.TC_001_Create_New_Account" time="49.497" errors="0" timestamp="2021-10-17T16:56:51 IST" skipped="0">
  <testcase classname="com.automationpractice.testcases.TC_001_Create_New_Account" name="Create_New_Account" time="49.497"/>
  <system-out/>
</testsuite> <!-- com.automationpractice.testcases.TC_001_Create_New_Account -->
