<?xml version="1.0" encoding="UTF-8"?>
<!-- Generated by org.testng.reporters.JUnitReportReporter -->
<testsuite hostname="Lenovo" failures="0" tests="1" name="com.automationpractice.testcases.Tc_002_Login_With_valid_Credentials" time="20.386" errors="0" timestamp="2021-11-26T09:08:05 IST" skipped="0">
  <testcase classname="com.automationpractice.testcases.Tc_002_Login_With_valid_Credentials" name="Verify_Login_With_Valid_Credentials" time="20.386"/>
  <system-out/>
</testsuite> <!-- com.automationpractice.testcases.Tc_002_Login_With_valid_Credentials -->
