<?xml version="1.0" encoding="UTF-8"?>
<!-- Generated by org.testng.reporters.JUnitReportReporter -->
<testsuite hostname="Lenovo" failures="0" tests="1" name="com.automationpractice.testcases.TC_004_Logoff" time="125.375" errors="0" timestamp="2021-11-26T09:08:05 IST" skipped="0">
  <testcase classname="com.automationpractice.testcases.TC_004_Logoff" name="Validate_TC_004_Logoff" time="125.375"/>
  <system-out/>
</testsuite> <!-- com.automationpractice.testcases.TC_004_Logoff -->
