<?xml version="1.0" encoding="UTF-8"?>
<!-- Generated by org.testng.reporters.JUnitReportReporter -->
<testsuite hostname="Lenovo" failures="0" tests="1" name="com.automationpractice.testcases.TC_001_Create_New_Account" time="61.594" errors="0" timestamp="2021-11-26T09:08:05 IST" skipped="0">
  <testcase classname="com.automationpractice.testcases.TC_001_Create_New_Account" name="Create_New_Account" time="61.594"/>
  <system-out/>
</testsuite> <!-- com.automationpractice.testcases.TC_001_Create_New_Account -->
